app/build/outputs/logs/manifest-merger-debug-report.txt
-- Merging decision tree log ---
manifest
ADDED from src\main\AndroidManifest.xml:22:1-40:12
	package
		ADDED from src\main\AndroidManifest.xml:23:5-28
		INJECTED from src\main\AndroidManifest.xml
		INJECTED from src\main\AndroidManifest.xml
	xmlns:android
		ADDED from src\main\AndroidManifest.xml:22:11-69
uses-permission#android.permission.ACCESS_NETWORK_STATE
ADDED from src\main\AndroidManifest.xml:24:1-91
	android:name
		ADDED from src\main\AndroidManifest.xml:24:18-72
uses-permission#android.permission.INTERNET
ADDED from src\main\AndroidManifest.xml:25:1-79
	android:name
		ADDED from src\main\AndroidManifest.xml:25:18-60
uses-permission#android.permission.ACCESS_WIFI_STATE
ADDED from src\main\AndroidManifest.xml:26:1-88
	android:name
		ADDED from src\main\AndroidManifest.xml:26:18-69
uses-permission#android.permission.CHANGE_NETWORK_STATE
ADDED from src\main\AndroidManifest.xml:27:1-91
	android:name
		ADDED from src\main\AndroidManifest.xml:27:18-72
uses-permission#android.permission.CHANGE_WIFI_STATE
ADDED from src\main\AndroidManifest.xml:28:1-88
	android:name
		ADDED from src\main\AndroidManifest.xml:28:18-69
uses-sdk
ADDED from src\main\AndroidManifest.xml:29:1-49
	android:targetSdkVersion
		INJECTED from src\main\AndroidManifest.xml
		INJECTED from src\main\AndroidManifest.xml
	android:minSdkVersion
		ADDED from src\main\AndroidManifest.xml:29:11-37
		INJECTED from src\main\AndroidManifest.xml
		INJECTED from src\main\AndroidManifest.xml
uses-permission#android.permission.WRITE_EXTERNAL_STORAGE
ADDED from src\main\AndroidManifest.xml:30:1-93
	android:name
		ADDED from src\main\AndroidManifest.xml:30:18-74
application
ADDED from src\main\AndroidManifest.xml:31:5-39:19
	android:label
		ADDED from src\main\AndroidManifest.xml:31:18-51
	android:icon
		ADDED from src\main\AndroidManifest.xml:31:52-84
activity#iperf.project.IperfProject
ADDED from src\main\AndroidManifest.xml:32:9-38:20
	android:configChanges
		ADDED from src\main\AndroidManifest.xml:32:61-96
	android:name
		ADDED from src\main\AndroidManifest.xml:32:19-60
intent-filter#android.intent.action.MAIN+android.intent.category.LAUNCHER
ADDED from src\main\AndroidManifest.xml:33:13-37:29
action#android.intent.action.MAIN
ADDED from src\main\AndroidManifest.xml:34:17-68
	android:name
		ADDED from src\main\AndroidManifest.xml:34:25-66
category#android.intent.category.LAUNCHER
ADDED from src\main\AndroidManifest.xml:36:17-76
	android:name
		ADDED from src\main\AndroidManifest.xml:36:27-74